<?xml version="1.0" encoding="utf-8"?><testsuites><testsuite name="pytest" errors="0" failures="0" skipped="0" tests="3" time="10.569" timestamp="2025-12-16T00:44:31.667666" hostname="DESKTOP-CSBHC4B"><testcase classname="bdd.group_scenarios" name="test_add_new_group[name1-header1-footer1]" time="8.302" /><testcase classname="bdd.group_scenarios" name="test_add_new_group[name2-header2-footer2]" time="0.521" /><testcase classname="bdd.group_scenarios" name="test_delete_group" time="1.732" /></testsuite></testsuites>